#
# There is insufficient memory for the Java Runtime Environment to continue.
# Native memory allocation (malloc) failed to allocate 1158544 bytes for Chunk::new
# Possible reasons:
#   The system is out of physical RAM or swap space
#   The process is running with CompressedOops enabled, and the Java Heap may be blocking the growth of the native heap
# Possible solutions:
#   Reduce memory load on the system
#   Increase physical memory or swap space
#   Check if swap backing store is full
#   Decrease Java heap size (-Xmx/-Xms)
#   Decrease number of Java threads
#   Decrease Java thread stack sizes (-Xss)
#   Set larger code cache with -XX:ReservedCodeCacheSize=
#   JVM is running with Zero Based Compressed Oops mode in which the Java heap is
#     placed in the first 32GB address space. The Java Heap base address is the
#     maximum limit for the native heap growth. Please use -XX:HeapBaseMinAddress
#     to set the Java Heap base and to place the Java Heap above 32GB virtual address.
# This output file may be truncated or incomplete.
#
#  Out of Memory Error (./open/src/hotspot/share/memory/arena.cpp:195), pid=8932, tid=7064
#
# JRE version: OpenJDK Runtime Environment (15.0.1+9) (build 15.0.1+9-18)
# Java VM: OpenJDK 64-Bit Server VM (15.0.1+9-18, mixed mode, sharing, tiered, compressed oops, g1 gc, windows-amd64)
# No core dump will be written. Minidumps are not enabled by default on client versions of Windows
#

---------------  S U M M A R Y ------------

Command Line: -javaagent:C:\APPS\IdeaIC\lib\idea_rt.jar=59959:C:\APPS\IdeaIC\bin -Dfile.encoding=UTF-8 com.example.dbcourseworkLipovetskii.DbCourseWorkLipovetskiiApplication

Host: AMD Ryzen 5 3500U with Radeon Vega Mobile Gfx  , 8 cores, 13G,  Windows 10 , 64 bit Build 18362 (10.0.18362.1110)
Time: Sat Dec 26 03:55:40 2020 Jerusalem Standard Time elapsed time: 15.401440 seconds (0d 0h 0m 15s)

---------------  T H R E A D  ---------------

Current thread (0x000001dec8ce4030):  JavaThread "C2 CompilerThread1" daemon [_thread_in_native, id=7064, stack(0x000000309d400000,0x000000309d500000)]


Current CompileTask:
C2:  15401 4859   !   4       jdk.internal.loader.BuiltinClassLoader::findClassOnClassPathOrNull (64 bytes)

Stack: [0x000000309d400000,0x000000309d500000]
Native frames: (J=compiled Java code, j=interpreted, Vv=VM code, C=native code)
V  [jvm.dll+0x62ae9a]
V  [jvm.dll+0x781389]
V  [jvm.dll+0x782ae3]
V  [jvm.dll+0x783143]
V  [jvm.dll+0x216265]
V  [jvm.dll+0x97efa]
V  [jvm.dll+0x985dc]
V  [jvm.dll+0x32e525]
V  [jvm.dll+0x18e2e1]
V  [jvm.dll+0x1ea762]
V  [jvm.dll+0x1e98ae]
V  [jvm.dll+0x1784c7]
V  [jvm.dll+0x1f9165]
V  [jvm.dll+0x1f720c]
V  [jvm.dll+0x74485d]
V  [jvm.dll+0x73d65a]
V  [jvm.dll+0x629c56]
C  [ucrtbase.dll+0x210b2]
C  [KERNEL32.DLL+0x17c24]
C  [ntdll.dll+0x6d4d1]


---------------  P R O C E S S  ---------------

Threads class SMR info:
_java_thread_list=0x000001dec6170560, length=23, elements={
0x000001dea0b81430, 0x000001dec2fd29e0, 0x000001dec2fd4be0, 0x000001dec2fde0c0,
0x000001dec2fde980, 0x000001dec37ed3e0, 0x000001dec37edfd0, 0x000001dec37ee8d0,
0x000001dec37fa200, 0x000001dec3aa6110, 0x000001dec406d5a0, 0x000001dec406da70,
0x000001dec41e6530, 0x000001dec3afe9d0, 0x000001dec4e9d190, 0x000001dec4b122e0,
0x000001dec4b0fc60, 0x000001dec4b10fa0, 0x000001dec4b0edf0, 0x000001dec4b0f2c0,
0x000001dec4b0f790, 0x000001dec4b11470, 0x000001dec8ce4030
}

Java Threads: ( => current thread )
  0x000001dea0b81430 JavaThread "main" [_thread_in_Java, id=16992, stack(0x000000309ad00000,0x000000309ae00000)]
  0x000001dec2fd29e0 JavaThread "Reference Handler" daemon [_thread_blocked, id=3076, stack(0x000000309b400000,0x000000309b500000)]
  0x000001dec2fd4be0 JavaThread "Finalizer" daemon [_thread_blocked, id=6284, stack(0x000000309b500000,0x000000309b600000)]
  0x000001dec2fde0c0 JavaThread "Signal Dispatcher" daemon [_thread_blocked, id=15732, stack(0x000000309b600000,0x000000309b700000)]
  0x000001dec2fde980 JavaThread "Attach Listener" daemon [_thread_blocked, id=7404, stack(0x000000309b700000,0x000000309b800000)]
  0x000001dec37ed3e0 JavaThread "Service Thread" daemon [_thread_blocked, id=17412, stack(0x000000309b800000,0x000000309b900000)]
  0x000001dec37edfd0 JavaThread "C2 CompilerThread0" daemon [_thread_blocked, id=14140, stack(0x000000309b900000,0x000000309ba00000)]
  0x000001dec37ee8d0 JavaThread "C1 CompilerThread0" daemon [_thread_blocked, id=13212, stack(0x000000309ba00000,0x000000309bb00000)]
  0x000001dec37fa200 JavaThread "Sweeper thread" daemon [_thread_blocked, id=13960, stack(0x000000309bb00000,0x000000309bc00000)]
  0x000001dec3aa6110 JavaThread "Common-Cleaner" daemon [_thread_blocked, id=14832, stack(0x000000309bc00000,0x000000309bd00000)]
  0x000001dec406d5a0 JavaThread "Monitor Ctrl-Break" daemon [_thread_in_native, id=8016, stack(0x000000309be00000,0x000000309bf00000)]
  0x000001dec406da70 JavaThread "Notification Thread" daemon [_thread_blocked, id=5812, stack(0x000000309bf00000,0x000000309c000000)]
  0x000001dec41e6530 JavaThread "ForkJoinPool.commonPool-worker-3" daemon [_thread_blocked, id=16196, stack(0x000000309c800000,0x000000309c900000)]
  0x000001dec3afe9d0 JavaThread "Catalina-utility-1" [_thread_blocked, id=5216, stack(0x000000309c900000,0x000000309ca00000)]
  0x000001dec4e9d190 JavaThread "Catalina-utility-2" [_thread_blocked, id=1448, stack(0x000000309ca00000,0x000000309cb00000)]
  0x000001dec4b122e0 JavaThread "container-0" [_thread_blocked, id=9100, stack(0x000000309cb00000,0x000000309cc00000)]
  0x000001dec4b0fc60 JavaThread "ForkJoinPool.commonPool-worker-5" daemon [_thread_blocked, id=17204, stack(0x000000309cc00000,0x000000309cd00000)]
  0x000001dec4b10fa0 JavaThread "Thread-1" daemon [_thread_in_native, id=14652, stack(0x000000309cd00000,0x000000309ce00000)]
  0x000001dec4b0edf0 JavaThread "PostgreSQL-JDBC-SharedTimer-1" daemon [_thread_blocked, id=3344, stack(0x000000309d000000,0x000000309d100000)]
  0x000001dec4b0f2c0 JavaThread "HikariPool-1 housekeeper" daemon [_thread_blocked, id=16512, stack(0x000000309d100000,0x000000309d200000)]
  0x000001dec4b0f790 JavaThread "webpack" daemon [_thread_in_native, id=14492, stack(0x000000309d200000,0x000000309d300000)]
  0x000001dec4b11470 JavaThread "HikariPool-1 connection adder" daemon [_thread_in_native, id=7572, stack(0x000000309d300000,0x000000309d400000)]
=>0x000001dec8ce4030 JavaThread "C2 CompilerThread1" daemon [_thread_in_native, id=7064, stack(0x000000309d400000,0x000000309d500000)]

Other Threads:
  0x000001dec2fcfe50 VMThread "VM Thread" [stack: 0x000000309b300000,0x000000309b400000] [id=15952]
  0x000001dec40e2580 WatcherThread [stack: 0x000000309c000000,0x000000309c100000] [id=2244]
  0x000001dea0bcc5c0 GCTaskThread "GC Thread#0" [stack: 0x000000309ae00000,0x000000309af00000] [id=4104]
  0x000001dec4145dc0 GCTaskThread "GC Thread#1" [stack: 0x000000309c100000,0x000000309c200000] [id=10912]
  0x000001dec4147a70 GCTaskThread "GC Thread#2" [stack: 0x000000309c200000,0x000000309c300000] [id=508]
  0x000001dec4146420 GCTaskThread "GC Thread#3" [stack: 0x000000309c300000,0x000000309c400000] [id=13992]
  0x000001dec4146750 GCTaskThread "GC Thread#4" [stack: 0x000000309c400000,0x000000309c500000] [id=4368]
  0x000001dec6dfd7f0 GCTaskThread "GC Thread#5" [stack: 0x000000309c700000,0x000000309c800000] [id=12972]
  0x000001dec6dfee40 GCTaskThread "GC Thread#6" [stack: 0x000000309ce00000,0x000000309cf00000] [id=14880]
  0x000001dec6dff170 GCTaskThread "GC Thread#7" [stack: 0x000000309cf00000,0x000000309d000000] [id=14812]
  0x000001dea0bdc7e0 ConcurrentGCThread "G1 Main Marker" [stack: 0x000000309af00000,0x000000309b000000] [id=9564]
  0x000001dea0bddbf0 ConcurrentGCThread "G1 Conc#0" [stack: 0x000000309b000000,0x000000309b100000] [id=18064]
  0x000001dec4147740 ConcurrentGCThread "G1 Conc#1" [stack: 0x000000309c600000,0x000000309c700000] [id=15256]
  0x000001dea0c2d770 ConcurrentGCThread "G1 Refine#0" [stack: 0x000000309b100000,0x000000309b200000] [id=7508]
  0x000001dec4b57c30 ConcurrentGCThread "G1 Refine#1" [stack: 0x000000309c500000,0x000000309c600000] [id=11804]
  0x000001dea0c2e2f0 ConcurrentGCThread "G1 Young RemSet Sampling" [stack: 0x000000309b200000,0x000000309b300000] [id=17492]

Threads with active compile tasks:
C1 CompilerThread0    15426 4928       3       net.bytebuddy.description.method.MethodDescription$ForLoadedMethod::getReturnType (29 bytes)
C2 CompilerThread1    15426 4859   !   4       jdk.internal.loader.BuiltinClassLoader::findClassOnClassPathOrNull (64 bytes)

VM state: not at safepoint (normal execution)

VM Mutex/Monitor currently owned by a thread:  ([mutex/lock_event])
[0x000001dea0b7bb40] CodeCache_lock - owner thread: 0x0000000000000000

Heap address: 0x0000000720c00000, size: 3572 MB, Compressed Oops mode: Zero based, Oop shift amount: 3
CDS archive(s) mapped at: [0x0000000800000000-0x0000000800b50000-0x0000000800b50000), size 11862016, SharedBaseAddress: 0x0000000800000000, ArchiveRelocationMode: 0.
Compressed class space mapped at: 0x0000000800b50000-0x0000000840b50000, size: 1073741824
Narrow klass base: 0x0000000800000000, Narrow klass shift: 3, Narrow klass range: 0x100000000

GC Precious Log:
 CPUs: 8 total, 8 available
 Memory: 14282M
 Large Page Support: Disabled
 NUMA Support: Disabled
 Compressed Oops: Enabled (Zero based)
 Heap Region Size: 2M
 Heap Min Capacity: 8M
 Heap Initial Capacity: 224M
 Heap Max Capacity: 3572M
 Pre-touch: Disabled
 Parallel Workers: 8
 Concurrent Workers: 2
 Concurrent Refinement Workers: 8
 Periodic GC: Disabled

Heap:
 garbage-first heap   total 143360K, used 73281K [0x0000000720c00000, 0x0000000800000000)
  region size 2048K, 21 young (43008K), 3 survivors (6144K)
 Metaspace       used 45570K, capacity 45939K, committed 46160K, reserved 1089536K
  class space    used 5902K, capacity 6024K, committed 6144K, reserved 1048576K

Heap Regions: E=young(eden), S=young(survivor), O=old, HS=humongous(starts), HC=humongous(continues), CS=collection set, F=free, OA=open archive, CA=closed archive, TAMS=top-at-mark-start (previous, next)
|   0|0x0000000720c00000, 0x0000000720e00000, 0x0000000720e00000|100%| O|  |TAMS 0x0000000720e00000, 0x0000000720c00000| Untracked 
|   1|0x0000000720e00000, 0x0000000721000000, 0x0000000721000000|100%| O|  |TAMS 0x0000000721000000, 0x0000000720e00000| Untracked 
|   2|0x0000000721000000, 0x0000000721200000, 0x0000000721200000|100%| O|  |TAMS 0x0000000721200000, 0x0000000721000000| Untracked 
|   3|0x0000000721200000, 0x000000072139be00, 0x0000000721400000| 80%| O|  |TAMS 0x000000072139be00, 0x0000000721200000| Untracked 
|   4|0x0000000721400000, 0x0000000721600000, 0x0000000721600000|100%| O|  |TAMS 0x0000000721600000, 0x0000000721400000| Untracked 
|   5|0x0000000721600000, 0x0000000721800000, 0x0000000721800000|100%| O|  |TAMS 0x0000000721800000, 0x0000000721600000| Untracked 
|   6|0x0000000721800000, 0x0000000721a00000, 0x0000000721a00000|100%| O|  |TAMS 0x0000000721a00000, 0x0000000721800000| Untracked 
|   7|0x0000000721a00000, 0x0000000721c00000, 0x0000000721c00000|100%| O|  |TAMS 0x0000000721c00000, 0x0000000721a00000| Untracked 
|   8|0x0000000721c00000, 0x0000000721e00000, 0x0000000721e00000|100%| O|  |TAMS 0x0000000721e00000, 0x0000000721c00000| Untracked 
|   9|0x0000000721e00000, 0x0000000722000000, 0x0000000722000000|100%| O|  |TAMS 0x0000000722000000, 0x0000000721e00000| Untracked 
|  10|0x0000000722000000, 0x0000000722200000, 0x0000000722200000|100%| O|  |TAMS 0x0000000722200000, 0x0000000722000000| Untracked 
|  11|0x0000000722200000, 0x0000000722400000, 0x0000000722400000|100%| O|  |TAMS 0x0000000722400000, 0x0000000722200000| Untracked 
|  12|0x0000000722400000, 0x0000000722600000, 0x0000000722600000|100%| O|  |TAMS 0x0000000722600000, 0x0000000722400000| Untracked 
|  13|0x0000000722600000, 0x0000000722800000, 0x0000000722800000|100%| O|  |TAMS 0x0000000722800000, 0x0000000722600000| Untracked 
|  14|0x0000000722800000, 0x0000000722a00000, 0x0000000722a00000|100%| O|  |TAMS 0x0000000722a00000, 0x0000000722800000| Untracked 
|  15|0x0000000722a00000, 0x0000000722c00000, 0x0000000722c00000|100%| O|  |TAMS 0x0000000722c00000, 0x0000000722a00000| Untracked 
|  16|0x0000000722c00000, 0x0000000722c13c00, 0x0000000722e00000|  3%| O|  |TAMS 0x0000000722c13c00, 0x0000000722c00000| Untracked 
|  17|0x0000000722e00000, 0x0000000722e00000, 0x0000000723000000|  0%| F|  |TAMS 0x0000000722e00000, 0x0000000722e00000| Untracked 
|  18|0x0000000723000000, 0x0000000723000000, 0x0000000723200000|  0%| F|  |TAMS 0x0000000723000000, 0x0000000723000000| Untracked 
|  19|0x0000000723200000, 0x0000000723200000, 0x0000000723400000|  0%| F|  |TAMS 0x0000000723200000, 0x0000000723200000| Untracked 
|  20|0x0000000723400000, 0x0000000723400000, 0x0000000723600000|  0%| F|  |TAMS 0x0000000723400000, 0x0000000723400000| Untracked 
|  21|0x0000000723600000, 0x0000000723600000, 0x0000000723800000|  0%| F|  |TAMS 0x0000000723600000, 0x0000000723600000| Untracked 
|  22|0x0000000723800000, 0x0000000723800000, 0x0000000723a00000|  0%| F|  |TAMS 0x0000000723800000, 0x0000000723800000| Untracked 
|  23|0x0000000723a00000, 0x0000000723a00000, 0x0000000723c00000|  0%| F|  |TAMS 0x0000000723a00000, 0x0000000723a00000| Untracked 
|  24|0x0000000723c00000, 0x0000000723c00000, 0x0000000723e00000|  0%| F|  |TAMS 0x0000000723c00000, 0x0000000723c00000| Untracked 
|  25|0x0000000723e00000, 0x0000000723e00000, 0x0000000724000000|  0%| F|  |TAMS 0x0000000723e00000, 0x0000000723e00000| Untracked 
|  26|0x0000000724000000, 0x0000000724000000, 0x0000000724200000|  0%| F|  |TAMS 0x0000000724000000, 0x0000000724000000| Untracked 
|  27|0x0000000724200000, 0x0000000724200000, 0x0000000724400000|  0%| F|  |TAMS 0x0000000724200000, 0x0000000724200000| Untracked 
|  28|0x0000000724400000, 0x0000000724400000, 0x0000000724600000|  0%| F|  |TAMS 0x0000000724400000, 0x0000000724400000| Untracked 
|  29|0x0000000724600000, 0x0000000724600000, 0x0000000724800000|  0%| F|  |TAMS 0x0000000724600000, 0x0000000724600000| Untracked 
|  30|0x0000000724800000, 0x0000000724800000, 0x0000000724a00000|  0%| F|  |TAMS 0x0000000724800000, 0x0000000724800000| Untracked 
|  31|0x0000000724a00000, 0x0000000724a00000, 0x0000000724c00000|  0%| F|  |TAMS 0x0000000724a00000, 0x0000000724a00000| Untracked 
|  32|0x0000000724c00000, 0x0000000724c00000, 0x0000000724e00000|  0%| F|  |TAMS 0x0000000724c00000, 0x0000000724c00000| Untracked 
|  33|0x0000000724e00000, 0x0000000724e00000, 0x0000000725000000|  0%| F|  |TAMS 0x0000000724e00000, 0x0000000724e00000| Untracked 
|  34|0x0000000725000000, 0x0000000725000000, 0x0000000725200000|  0%| F|  |TAMS 0x0000000725000000, 0x0000000725000000| Untracked 
|  35|0x0000000725200000, 0x0000000725200000, 0x0000000725400000|  0%| F|  |TAMS 0x0000000725200000, 0x0000000725200000| Untracked 
|  36|0x0000000725400000, 0x0000000725400000, 0x0000000725600000|  0%| F|  |TAMS 0x0000000725400000, 0x0000000725400000| Untracked 
|  37|0x0000000725600000, 0x0000000725600000, 0x0000000725800000|  0%| F|  |TAMS 0x0000000725600000, 0x0000000725600000| Untracked 
|  38|0x0000000725800000, 0x0000000725800000, 0x0000000725a00000|  0%| F|  |TAMS 0x0000000725800000, 0x0000000725800000| Untracked 
|  39|0x0000000725a00000, 0x0000000725a00000, 0x0000000725c00000|  0%| F|  |TAMS 0x0000000725a00000, 0x0000000725a00000| Untracked 
|  40|0x0000000725c00000, 0x0000000725c00000, 0x0000000725e00000|  0%| F|  |TAMS 0x0000000725c00000, 0x0000000725c00000| Untracked 
|  41|0x0000000725e00000, 0x0000000725e00000, 0x0000000726000000|  0%| F|  |TAMS 0x0000000725e00000, 0x0000000725e00000| Untracked 
|  42|0x0000000726000000, 0x0000000726000000, 0x0000000726200000|  0%| F|  |TAMS 0x0000000726000000, 0x0000000726000000| Untracked 
|  43|0x0000000726200000, 0x0000000726200000, 0x0000000726400000|  0%| F|  |TAMS 0x0000000726200000, 0x0000000726200000| Untracked 
|  44|0x0000000726400000, 0x0000000726400000, 0x0000000726600000|  0%| F|  |TAMS 0x0000000726400000, 0x0000000726400000| Untracked 
|  45|0x0000000726600000, 0x0000000726600000, 0x0000000726800000|  0%| F|  |TAMS 0x0000000726600000, 0x0000000726600000| Untracked 
|  46|0x0000000726800000, 0x0000000726800000, 0x0000000726a00000|  0%| F|  |TAMS 0x0000000726800000, 0x0000000726800000| Untracked 
|  47|0x0000000726a00000, 0x0000000726a00000, 0x0000000726c00000|  0%| F|  |TAMS 0x0000000726a00000, 0x0000000726a00000| Untracked 
|  48|0x0000000726c00000, 0x0000000726c00000, 0x0000000726e00000|  0%| F|  |TAMS 0x0000000726c00000, 0x0000000726c00000| Untracked 
|  49|0x0000000726e00000, 0x0000000727000000, 0x0000000727000000|100%| E|  |TAMS 0x0000000726e00000, 0x0000000726e00000| Complete 
|  50|0x0000000727000000, 0x0000000727200000, 0x0000000727200000|100%| E|CS|TAMS 0x0000000727000000, 0x0000000727000000| Complete 
|  51|0x0000000727200000, 0x0000000727400000, 0x0000000727400000|100%| E|CS|TAMS 0x0000000727200000, 0x0000000727200000| Complete 
|  52|0x0000000727400000, 0x0000000727600000, 0x0000000727600000|100%| E|CS|TAMS 0x0000000727400000, 0x0000000727400000| Complete 
|  53|0x0000000727600000, 0x0000000727800000, 0x0000000727800000|100%| E|CS|TAMS 0x0000000727600000, 0x0000000727600000| Complete 
|  54|0x0000000727800000, 0x0000000727a00000, 0x0000000727a00000|100%| E|CS|TAMS 0x0000000727800000, 0x0000000727800000| Complete 
|  55|0x0000000727a00000, 0x0000000727c00000, 0x0000000727c00000|100%| E|CS|TAMS 0x0000000727a00000, 0x0000000727a00000| Complete 
|  56|0x0000000727c00000, 0x0000000727e00000, 0x0000000727e00000|100%| E|CS|TAMS 0x0000000727c00000, 0x0000000727c00000| Complete 
|  57|0x0000000727e00000, 0x0000000728000000, 0x0000000728000000|100%| E|CS|TAMS 0x0000000727e00000, 0x0000000727e00000| Complete 
|  58|0x0000000728000000, 0x0000000728200000, 0x0000000728200000|100%| E|CS|TAMS 0x0000000728000000, 0x0000000728000000| Complete 
|  59|0x0000000728200000, 0x0000000728400000, 0x0000000728400000|100%| E|CS|TAMS 0x0000000728200000, 0x0000000728200000| Complete 
|  60|0x0000000728400000, 0x0000000728600000, 0x0000000728600000|100%| E|CS|TAMS 0x0000000728400000, 0x0000000728400000| Complete 
|  61|0x0000000728600000, 0x0000000728800000, 0x0000000728800000|100%| E|CS|TAMS 0x0000000728600000, 0x0000000728600000| Complete 
|  62|0x0000000728800000, 0x0000000728a00000, 0x0000000728a00000|100%| E|CS|TAMS 0x0000000728800000, 0x0000000728800000| Complete 
|  63|0x0000000728a00000, 0x0000000728c00000, 0x0000000728c00000|100%| E|CS|TAMS 0x0000000728a00000, 0x0000000728a00000| Complete 
|  64|0x0000000728c00000, 0x0000000728e00000, 0x0000000728e00000|100%| E|CS|TAMS 0x0000000728c00000, 0x0000000728c00000| Complete 
|  65|0x0000000728e00000, 0x0000000729000000, 0x0000000729000000|100%| E|CS|TAMS 0x0000000728e00000, 0x0000000728e00000| Complete 
|  70|0x0000000729800000, 0x00000007299e0c00, 0x0000000729a00000| 93%| S|CS|TAMS 0x0000000729800000, 0x0000000729800000| Complete 
|  71|0x0000000729a00000, 0x0000000729c00000, 0x0000000729c00000|100%| S|CS|TAMS 0x0000000729a00000, 0x0000000729a00000| Complete 
|  72|0x0000000729c00000, 0x0000000729e00000, 0x0000000729e00000|100%| S|CS|TAMS 0x0000000729c00000, 0x0000000729c00000| Complete 
| 111|0x000000072ea00000, 0x000000072ec00000, 0x000000072ec00000|100%| E|CS|TAMS 0x000000072ea00000, 0x000000072ea00000| Complete 

Card table byte_map: [0x000001deb87b0000,0x000001deb8eb0000] _byte_map_base: 0x000001deb4eaa000

Marking Bits (Prev, Next): (CMBitMap*) 0x000001dea0bcce30, (CMBitMap*) 0x000001dea0bcce70
 Prev Bits: [0x000001deb95b0000, 0x000001debcd80000)
 Next Bits: [0x000001debcd80000, 0x000001dec0550000)

Polling page: 0x000001de9ea30000

Metaspace:

Usage:
  Non-class:     38.98 MB capacity,    38.75 MB (>99%) used,   179.95 KB ( <1%) free+waste,    58.13 KB ( <1%) overhead. 
      Class:      5.88 MB capacity,     5.77 MB ( 98%) used,    96.91 KB (  2%) free+waste,    22.44 KB ( <1%) overhead. 
       Both:     44.86 MB capacity,    44.51 MB (>99%) used,   276.87 KB ( <1%) free+waste,    80.56 KB ( <1%) overhead. 

Virtual space:
  Non-class space:       40.00 MB reserved,      39.08 MB ( 98%) committed 
      Class space:        1.00 GB reserved,       6.00 MB ( <1%) committed 
             Both:        1.04 GB reserved,      45.08 MB (  4%) committed 

Chunk freelists:
   Non-Class:  37.00 KB
       Class:  24.00 KB
        Both:  61.00 KB

MaxMetaspaceSize: 17179869184.00 GB
CompressedClassSpaceSize: 1.00 GB

CodeHeap 'non-profiled nmethods': size=120000Kb used=3453Kb max_used=3453Kb free=116547Kb
 bounds [0x000001deb0850000, 0x000001deb0bb0000, 0x000001deb7d80000]
CodeHeap 'profiled nmethods': size=120000Kb used=8390Kb max_used=8981Kb free=111609Kb
 bounds [0x000001dea9320000, 0x000001dea9bf0000, 0x000001deb0850000]
CodeHeap 'non-nmethods': size=5760Kb used=1268Kb max_used=1311Kb free=4491Kb
 bounds [0x000001dea8d80000, 0x000001dea8ff0000, 0x000001dea9320000]
 total_blobs=4711 nmethods=4165 adapters=458
 compilation: enabled
              stopped_count=0, restarted_count=0
 full_count=0

Compilation events (20 events):
Event: 15.309 Thread 0x000001dec37edfd0 4877       4       java.lang.Class::privateGetDeclaredMethods (64 bytes)
Event: 15.313 Thread 0x000001dec37edfd0 nmethod 4877 0x000001deb096cf90 code [0x000001deb096d140, 0x000001deb096d508]
Event: 15.313 Thread 0x000001dec37edfd0 4838       4       java.lang.reflect.AccessibleObject::isAnnotationPresent (6 bytes)
Event: 15.314 Thread 0x000001dec37edfd0 nmethod 4838 0x000001deb0988f90 code [0x000001deb0989100, 0x000001deb0989198]
Event: 15.318 Thread 0x000001dec37ee8d0 4913       3       java.nio.charset.Charset::lookup (44 bytes)
Event: 15.319 Thread 0x000001dec37ee8d0 nmethod 4913 0x000001dea933c690 code [0x000001dea933c880, 0x000001dea933ccc8]
Event: 15.319 Thread 0x000001dec37edfd0 4914       4       jdk.internal.loader.Resource::getByteBuffer (24 bytes)
Event: 15.326 Thread 0x000001dec37ee8d0 4915       3       sun.security.provider.MD5::FF (33 bytes)
Event: 15.327 Thread 0x000001dec37ee8d0 nmethod 4915 0x000001dea933c310 code [0x000001dea933c4a0, 0x000001dea933c5b8]
Event: 15.327 Thread 0x000001dec37ee8d0 4916       3       sun.security.provider.MD5::GG (33 bytes)
Event: 15.327 Thread 0x000001dec37ee8d0 nmethod 4916 0x000001dea933bf90 code [0x000001dea933c120, 0x000001dea933c238]
Event: 15.328 Thread 0x000001dec37edfd0 nmethod 4914 0x000001deb0bad090 code [0x000001deb0bad240, 0x000001deb0bad9b8]
Event: 15.335 Thread 0x000001dec37edfd0 4917  s    4       org.postgresql.core.OptimizedUTF8Encoder::charDecode (83 bytes)
Event: 15.338 Thread 0x000001dec37ee8d0 4918       1       org.postgresql.core.QueryExecutorBase::isReWriteBatchedInsertsEnabled (5 bytes)
Event: 15.338 Thread 0x000001dec37ee8d0 nmethod 4918 0x000001deb0badc90 code [0x000001deb0bade20, 0x000001deb0baded8]
Event: 15.351 Thread 0x000001dec37ee8d0 4919       3       net.bytebuddy.description.type.TypeDescription$ForLoadedType::getName (8 bytes)
Event: 15.352 Thread 0x000001dec37ee8d0 nmethod 4919 0x000001dea933bc10 code [0x000001dea933bdc0, 0x000001dea933bee8]
Event: 15.352 Thread 0x000001dec37ee8d0 4920       3       net.bytebuddy.description.type.TypeDescription$ForLoadedType::getName (28 bytes)
Event: 15.352 Thread 0x000001dec37ee8d0 nmethod 4920 0x000001dea933b310 code [0x000001dea933b500, 0x000001dea933b9d8]
Event: 15.353 Thread 0x000001dec37edfd0 nmethod 4917 0x000001deb0badf90 code [0x000001deb0bae140, 0x000001deb0bae9b8]

GC Heap History (20 events):
Event: 7.573 GC heap before
{Heap before GC invocations=9 (full 0):
 garbage-first heap   total 55296K, used 41042K [0x0000000720c00000, 0x0000000800000000)
  region size 2048K, 13 young (26624K), 1 survivors (2048K)
 Metaspace       used 27677K, capacity 27998K, committed 28336K, reserved 1075200K
  class space    used 3319K, capacity 3466K, committed 3584K, reserved 1048576K
}
Event: 7.581 GC heap after
{Heap after GC invocations=10 (full 0):
 garbage-first heap   total 55296K, used 18808K [0x0000000720c00000, 0x0000000800000000)
  region size 2048K, 2 young (4096K), 2 survivors (4096K)
 Metaspace       used 27677K, capacity 27998K, committed 28336K, reserved 1075200K
  class space    used 3319K, capacity 3466K, committed 3584K, reserved 1048576K
}
Event: 7.665 GC heap before
{Heap before GC invocations=10 (full 0):
 garbage-first heap   total 55296K, used 41336K [0x0000000720c00000, 0x0000000800000000)
  region size 2048K, 13 young (26624K), 2 survivors (4096K)
 Metaspace       used 27677K, capacity 27998K, committed 28336K, reserved 1075200K
  class space    used 3319K, capacity 3466K, committed 3584K, reserved 1048576K
}
Event: 7.680 GC heap after
{Heap after GC invocations=11 (full 0):
 garbage-first heap   total 55296K, used 21295K [0x0000000720c00000, 0x0000000800000000)
  region size 2048K, 2 young (4096K), 2 survivors (4096K)
 Metaspace       used 27677K, capacity 27998K, committed 28336K, reserved 1075200K
  class space    used 3319K, capacity 3466K, committed 3584K, reserved 1048576K
}
Event: 7.731 GC heap before
{Heap before GC invocations=11 (full 0):
 garbage-first heap   total 55296K, used 39727K [0x0000000720c00000, 0x0000000800000000)
  region size 2048K, 11 young (22528K), 2 survivors (4096K)
 Metaspace       used 27677K, capacity 27998K, committed 28336K, reserved 1075200K
  class space    used 3319K, capacity 3466K, committed 3584K, reserved 1048576K
}
Event: 7.739 GC heap after
{Heap after GC invocations=12 (full 0):
 garbage-first heap   total 55296K, used 23355K [0x0000000720c00000, 0x0000000800000000)
  region size 2048K, 1 young (2048K), 1 survivors (2048K)
 Metaspace       used 27677K, capacity 27998K, committed 28336K, reserved 1075200K
  class space    used 3319K, capacity 3466K, committed 3584K, reserved 1048576K
}
Event: 7.779 GC heap before
{Heap before GC invocations=12 (full 0):
 garbage-first heap   total 55296K, used 41787K [0x0000000720c00000, 0x0000000800000000)
  region size 2048K, 10 young (20480K), 1 survivors (2048K)
 Metaspace       used 27677K, capacity 27998K, committed 28336K, reserved 1075200K
  class space    used 3319K, capacity 3466K, committed 3584K, reserved 1048576K
}
Event: 7.791 GC heap after
{Heap after GC invocations=13 (full 0):
 garbage-first heap   total 143360K, used 25183K [0x0000000720c00000, 0x0000000800000000)
  region size 2048K, 2 young (4096K), 2 survivors (4096K)
 Metaspace       used 27677K, capacity 27998K, committed 28336K, reserved 1075200K
  class space    used 3319K, capacity 3466K, committed 3584K, reserved 1048576K
}
Event: 8.111 GC heap before
{Heap before GC invocations=13 (full 0):
 garbage-first heap   total 143360K, used 107103K [0x0000000720c00000, 0x0000000800000000)
  region size 2048K, 42 young (86016K), 2 survivors (4096K)
 Metaspace       used 27685K, capacity 27998K, committed 28336K, reserved 1075200K
  class space    used 3319K, capacity 3466K, committed 3584K, reserved 1048576K
}
Event: 8.132 GC heap after
{Heap after GC invocations=14 (full 0):
 garbage-first heap   total 143360K, used 32848K [0x0000000720c00000, 0x0000000800000000)
  region size 2048K, 6 young (12288K), 6 survivors (12288K)
 Metaspace       used 27685K, capacity 27998K, committed 28336K, reserved 1075200K
  class space    used 3319K, capacity 3466K, committed 3584K, reserved 1048576K
}
Event: 8.944 GC heap before
{Heap before GC invocations=14 (full 0):
 garbage-first heap   total 143360K, used 104528K [0x0000000720c00000, 0x0000000800000000)
  region size 2048K, 41 young (83968K), 6 survivors (12288K)
 Metaspace       used 28474K, capacity 28862K, committed 29104K, reserved 1075200K
  class space    used 3376K, capacity 3498K, committed 3584K, reserved 1048576K
}
Event: 8.960 GC heap after
{Heap after GC invocations=15 (full 0):
 garbage-first heap   total 143360K, used 36798K [0x0000000720c00000, 0x0000000800000000)
  region size 2048K, 3 young (6144K), 3 survivors (6144K)
 Metaspace       used 28474K, capacity 28862K, committed 29104K, reserved 1075200K
  class space    used 3376K, capacity 3498K, committed 3584K, reserved 1048576K
}
Event: 9.551 GC heap before
{Heap before GC invocations=15 (full 0):
 garbage-first heap   total 143360K, used 106430K [0x0000000720c00000, 0x0000000800000000)
  region size 2048K, 37 young (75776K), 3 survivors (6144K)
 Metaspace       used 28593K, capacity 28990K, committed 29104K, reserved 1075200K
  class space    used 3387K, capacity 3498K, committed 3584K, reserved 1048576K
}
Event: 9.557 GC heap after
{Heap after GC invocations=16 (full 0):
 garbage-first heap   total 143360K, used 36316K [0x0000000720c00000, 0x0000000800000000)
  region size 2048K, 2 young (4096K), 2 survivors (4096K)
 Metaspace       used 28593K, capacity 28990K, committed 29104K, reserved 1075200K
  class space    used 3387K, capacity 3498K, committed 3584K, reserved 1048576K
}
Event: 10.292 GC heap before
{Heap before GC invocations=16 (full 0):
 garbage-first heap   total 143360K, used 112092K [0x0000000720c00000, 0x0000000800000000)
  region size 2048K, 39 young (79872K), 2 survivors (4096K)
 Metaspace       used 28636K, capacity 29022K, committed 29104K, reserved 1075200K
  class space    used 3398K, capacity 3530K, committed 3584K, reserved 1048576K
}
Event: 10.299 GC heap after
{Heap after GC invocations=17 (full 0):
 garbage-first heap   total 184320K, used 37055K [0x0000000720c00000, 0x0000000800000000)
  region size 2048K, 3 young (6144K), 3 survivors (6144K)
 Metaspace       used 28636K, capacity 29022K, committed 29104K, reserved 1075200K
  class space    used 3398K, capacity 3530K, committed 3584K, reserved 1048576K
}
Event: 12.303 GC heap before
{Heap before GC invocations=17 (full 0):
 garbage-first heap   total 184320K, used 141503K [0x0000000720c00000, 0x0000000800000000)
  region size 2048K, 54 young (110592K), 3 survivors (6144K)
 Metaspace       used 30795K, capacity 31156K, committed 31408K, reserved 1077248K
  class space    used 3704K, capacity 3832K, committed 3840K, reserved 1048576K
}
Event: 12.310 GC heap after
{Heap after GC invocations=18 (full 0):
 garbage-first heap   total 184320K, used 37558K [0x0000000720c00000, 0x0000000800000000)
  region size 2048K, 3 young (6144K), 3 survivors (6144K)
 Metaspace       used 30795K, capacity 31156K, committed 31408K, reserved 1077248K
  class space    used 3704K, capacity 3832K, committed 3840K, reserved 1048576K
}
Event: 13.494 GC heap before
{Heap before GC invocations=18 (full 0):
 garbage-first heap   total 184320K, used 70326K [0x0000000720c00000, 0x0000000800000000)
  region size 2048K, 20 young (40960K), 3 survivors (6144K)
 Metaspace       used 35397K, capacity 35771K, committed 35920K, reserved 1081344K
  class space    used 4367K, capacity 4514K, committed 4608K, reserved 1048576K
}
Event: 13.503 GC heap after
{Heap after GC invocations=19 (full 0):
 garbage-first heap   total 184320K, used 38465K [0x0000000720c00000, 0x0000000800000000)
  region size 2048K, 3 young (6144K), 3 survivors (6144K)
 Metaspace       used 35397K, capacity 35771K, committed 35920K, reserved 1081344K
  class space    used 4367K, capacity 4514K, committed 4608K, reserved 1048576K
}

Deoptimization events (20 events):
Event: 14.508 Thread 0x000001dea0b81430 Uncommon trap: trap_request=0xfffffff4 fr.pc=0x000001deb088d2a4 relative=0x0000000000000764
Event: 14.508 Thread 0x000001dea0b81430 Uncommon trap: reason=null_check action=make_not_entrant pc=0x000001deb088d2a4 method=java.lang.Class.createAnnotationData(I)Ljava/lang/Class$AnnotationData; @ 14 c2
Event: 14.508 Thread 0x000001dea0b81430 DEOPT PACKING pc=0x000001deb088d2a4 sp=0x000000309adfdb60
Event: 14.508 Thread 0x000001dea0b81430 DEOPT UNPACKING pc=0x000001dea8dce42f sp=0x000000309adfdaa8 mode 2
Event: 14.605 Thread 0x000001dec4b11470 Uncommon trap: trap_request=0xffffffde fr.pc=0x000001deb08869c4 relative=0x0000000000000604
Event: 14.605 Thread 0x000001dec4b11470 Uncommon trap: reason=class_check action=maybe_recompile pc=0x000001deb08869c4 method=java.util.HashMap.removeNode(ILjava/lang/Object;Ljava/lang/Object;ZZ)Ljava/util/HashMap$Node; @ 68 c2
Event: 14.605 Thread 0x000001dec4b11470 DEOPT PACKING pc=0x000001deb08869c4 sp=0x000000309d3fee20
Event: 14.605 Thread 0x000001dec4b11470 DEOPT UNPACKING pc=0x000001dea8dce42f sp=0x000000309d3fedb8 mode 2
Event: 14.734 Thread 0x000001dea0b81430 Uncommon trap: trap_request=0xfffffff4 fr.pc=0x000001deb0a24064 relative=0x0000000000000164
Event: 14.734 Thread 0x000001dea0b81430 Uncommon trap: reason=null_check action=make_not_entrant pc=0x000001deb0a24064 method=java.lang.reflect.Array.newInstance(Ljava/lang/Class;I)Ljava/lang/Object; @ 2 c2
Event: 14.734 Thread 0x000001dea0b81430 DEOPT PACKING pc=0x000001deb0a24064 sp=0x000000309adfdaf0
Event: 14.734 Thread 0x000001dea0b81430 DEOPT UNPACKING pc=0x000001dea8dce42f sp=0x000000309adfda88 mode 2
Event: 14.834 Thread 0x000001dec4b11470 Uncommon trap: trap_request=0xffffffde fr.pc=0x000001deb08869c4 relative=0x0000000000000604
Event: 14.834 Thread 0x000001dec4b11470 Uncommon trap: reason=class_check action=maybe_recompile pc=0x000001deb08869c4 method=java.util.HashMap.removeNode(ILjava/lang/Object;Ljava/lang/Object;ZZ)Ljava/util/HashMap$Node; @ 68 c2
Event: 14.834 Thread 0x000001dec4b11470 DEOPT PACKING pc=0x000001deb08869c4 sp=0x000000309d3fee20
Event: 14.834 Thread 0x000001dec4b11470 DEOPT UNPACKING pc=0x000001dea8dce42f sp=0x000000309d3fedb8 mode 2
Event: 15.371 Thread 0x000001dea0b81430 Uncommon trap: trap_request=0xffffff45 fr.pc=0x000001deb0a0176c relative=0x00000000000006ac
Event: 15.371 Thread 0x000001dea0b81430 Uncommon trap: reason=unstable_if action=reinterpret pc=0x000001deb0a0176c method=java.util.HashMap$HashIterator.<init>(Ljava/util/HashMap;)V @ 45 c2
Event: 15.371 Thread 0x000001dea0b81430 DEOPT PACKING pc=0x000001deb0a0176c sp=0x000000309adfbb40
Event: 15.371 Thread 0x000001dea0b81430 DEOPT UNPACKING pc=0x000001dea8dce42f sp=0x000000309adfb9d0 mode 2

Classes unloaded (0 events):
No events

Classes redefined (0 events):
No events

Internal exceptions (20 events):
Event: 7.225 Thread 0x000001dea0b81430 Exception <a 'java/lang/NoSuchMethodError'{0x000000072336a238}: 'void java.lang.invoke.DirectMethodHandle$Holder.invokeVirtual(java.lang.Object, java.lang.Object, java.lang.Object, java.lang.Object)'> (0x000000072336a238) 
thrown [./open/src/hotspot/share/interpreter/linkResolver.cpp, line 782]
Event: 7.287 Thread 0x000001dea0b81430 Exception <a 'java/io/FileNotFoundException'{0x00000007230f0138}> (0x00000007230f0138) 
thrown [./open/src/hotspot/share/prims/jni.cpp, line 578]
Event: 7.288 Thread 0x000001dea0b81430 Exception <a 'java/io/FileNotFoundException'{0x00000007230f16d0}> (0x00000007230f16d0) 
thrown [./open/src/hotspot/share/prims/jni.cpp, line 578]
Event: 7.293 Thread 0x000001dea0b81430 Implicit null exception at 0x000001deb08878f4 to 0x000001deb0887ebc
Event: 7.293 Thread 0x000001dea0b81430 Implicit null exception at 0x000001deb08863f4 to 0x000001deb08869d8
Event: 11.718 Thread 0x000001dea0b81430 Exception <a 'java/lang/NoSuchMethodError'{0x00000007262050c0}: 'java.lang.Object java.lang.invoke.DirectMethodHandle$Holder.invokeStatic(java.lang.Object, java.lang.Object, int, java.lang.Object)'> (0x00000007262050c0) 
thrown [./open/src/hotspot/share/interpreter/linkResolver.cpp, line 782]
Event: 11.719 Thread 0x000001dea0b81430 Exception <a 'java/lang/NoSuchMethodError'{0x000000072620cf18}: 'java.lang.Object java.lang.invoke.DirectMethodHandle$Holder.newInvokeSpecial(java.lang.Object, java.lang.Object, int)'> (0x000000072620cf18) 
thrown [./open/src/hotspot/share/interpreter/linkResolver.cpp, line 782]
Event: 12.409 Thread 0x000001dea0b81430 Exception <a 'java/io/FileNotFoundException'{0x000000072bd4aa10}> (0x000000072bd4aa10) 
thrown [./open/src/hotspot/share/prims/jni.cpp, line 578]
Event: 12.434 Thread 0x000001dec41e6530 Implicit null exception at 0x000001deb0af9e73 to 0x000001deb0afa04c
Event: 12.434 Thread 0x000001dec41e6530 Implicit null exception at 0x000001deb0afa5ef to 0x000001deb0afa7c4
Event: 12.643 Thread 0x000001dea0b81430 Implicit null exception at 0x000001deb0976b5a to 0x000001deb0976d64
Event: 12.944 Thread 0x000001dec41e6530 Exception <a 'java/net/SocketException'{0x000000072ab545d8}: Socket is not connected: shutdown> (0x000000072ab545d8) 
thrown [./open/src/hotspot/share/prims/jni.cpp, line 599]
Event: 12.973 Thread 0x000001dec41e6530 Exception <a 'java/lang/NoSuchMethodError'{0x000000072ab9e6c0}: 'void java.lang.invoke.DirectMethodHandle$Holder.invokeStatic(java.lang.Object, long)'> (0x000000072ab9e6c0) 
thrown [./open/src/hotspot/share/interpreter/linkResolver.cpp, line 782]
Event: 12.974 Thread 0x000001dec41e6530 Exception <a 'java/lang/NoSuchMethodError'{0x000000072aba3f98}: 'java.lang.Object java.lang.invoke.DirectMethodHandle$Holder.newInvokeSpecial(java.lang.Object, long)'> (0x000000072aba3f98) 
thrown [./open/src/hotspot/share/interpreter/linkResolver.cpp, line 782]
Event: 12.980 Thread 0x000001dec41e6530 Exception <a 'java/lang/NoSuchMethodError'{0x000000072abae800}: 'java.lang.Object java.lang.invoke.DirectMethodHandle$Holder.invokeStaticInit(java.lang.Object, java.lang.Object, long, java.lang.Object)'> (0x000000072abae800) 
thrown [./open/src/hotspot/share/interpreter/linkResolver.cpp, line 782]
Event: 12.981 Thread 0x000001dec41e6530 Exception <a 'java/lang/NoSuchMethodError'{0x000000072abb5218}: 'java.lang.Object java.lang.invoke.DirectMethodHandle$Holder.newInvokeSpecial(java.lang.Object, java.lang.Object, long)'> (0x000000072abb5218) 
thrown [./open/src/hotspot/share/interpreter/linkResolver.cpp, line 782]
Event: 12.982 Thread 0x000001dec41e6530 Exception <a 'java/lang/NoSuchMethodError'{0x000000072abb8f88}: 'java.lang.Object java.lang.invoke.Invokers$Holder.linkToTargetMethod(java.lang.Object, long, java.lang.Object)'> (0x000000072abb8f88) 
thrown [./open/src/hotspot/share/interpreter/linkResolver.cpp, line 782]
Event: 14.264 Thread 0x000001dea0b81430 Exception <a 'java/lang/NoSuchMethodError'{0x000000072837eed8}: 'java.lang.Object java.lang.invoke.DirectMethodHandle$Holder.invokeStaticInit(java.lang.Object, java.lang.Object, java.lang.Object, java.lang.Object)'> (0x000000072837eed8) 
thrown [./open/src/hotspot/share/interpreter/linkResolver.cpp, line 782]
Event: 14.508 Thread 0x000001dea0b81430 Implicit null exception at 0x000001deb088cbf1 to 0x000001deb088d298
Event: 14.734 Thread 0x000001dea0b81430 Implicit null exception at 0x000001deb0a23f13 to 0x000001deb0a24050

Events (20 events):
Event: 14.143 loading class java/lang/ProcessBuilder$NullInputStream done
Event: 14.143 loading class java/lang/ProcessBuilder$RedirectPipeImpl
Event: 14.143 loading class java/lang/ProcessBuilder$RedirectPipeImpl done
Event: 14.146 Thread 0x000001dec4b0f790 Thread added: 0x000001dec4b0f790
Event: 14.154 Thread 0x000001dec4b11470 Thread added: 0x000001dec4b11470
Event: 14.161 loading class java/util/regex/Pattern$1MatcherIterator
Event: 14.162 loading class java/util/regex/Pattern$1MatcherIterator done
Event: 14.210 Thread 0x000001dec8ce4030 Thread added: 0x000001dec8ce4030
Event: 14.621 loading class javax/naming/RefAddr
Event: 14.621 loading class javax/naming/RefAddr done
Event: 14.621 loading class javax/naming/StringRefAddr
Event: 14.621 loading class javax/naming/StringRefAddr done
Event: 14.622 loading class java/io/InvalidObjectException
Event: 14.622 loading class java/io/InvalidObjectException done
Event: 14.748 loading class java/lang/SafeVarargs
Event: 14.748 loading class java/lang/SafeVarargs done
Event: 14.938 loading class jdk/internal/reflect/UnsafeLongFieldAccessorImpl
Event: 14.943 loading class jdk/internal/reflect/UnsafeLongFieldAccessorImpl done
Event: 15.181 loading class java/util/AbstractList$SubList
Event: 15.181 loading class java/util/AbstractList$SubList done


Dynamic libraries:
0x00007ff79fe40000 - 0x00007ff79fe4d000 	C:\APPS\JDK\15\bin\java.exe
0x00007fffa6900000 - 0x00007fffa6af0000 	C:\Windows\SYSTEM32\ntdll.dll
0x00007fffa58e0000 - 0x00007fffa5992000 	C:\Windows\System32\KERNEL32.DLL
0x00007fffa3c20000 - 0x00007fffa3ec5000 	C:\Windows\System32\KERNELBASE.dll
0x00007fffa3a10000 - 0x00007fffa3b0a000 	C:\Windows\System32\ucrtbase.dll
0x00007fff9bdb0000 - 0x00007fff9bdc8000 	C:\APPS\JDK\15\bin\jli.dll
0x00007fffa5430000 - 0x00007fffa55c4000 	C:\Windows\System32\USER32.dll
0x00007fff97270000 - 0x00007fff97289000 	C:\APPS\JDK\15\bin\VCRUNTIME140.dll
0x00007fffa4980000 - 0x00007fffa49a1000 	C:\Windows\System32\win32u.dll
0x00007fffa4e20000 - 0x00007fffa4e46000 	C:\Windows\System32\GDI32.dll
0x00007fff8d940000 - 0x00007fff8dbc4000 	C:\Windows\WinSxS\amd64_microsoft.windows.common-controls_6595b64144ccf1df_6.0.18362.1256_none_9e7e379be45e40e2\COMCTL32.dll
0x00007fffa4690000 - 0x00007fffa4826000 	C:\Windows\System32\gdi32full.dll
0x00007fffa6820000 - 0x00007fffa68be000 	C:\Windows\System32\msvcrt.dll
0x00007fffa3b80000 - 0x00007fffa3c1e000 	C:\Windows\System32\msvcp_win.dll
0x00007fffa64b0000 - 0x00007fffa67e6000 	C:\Windows\System32\combase.dll
0x00007fffa57c0000 - 0x00007fffa58e0000 	C:\Windows\System32\RPCRT4.dll
0x00007fffa3920000 - 0x00007fffa39a1000 	C:\Windows\System32\bcryptPrimitives.dll
0x00007fffa67f0000 - 0x00007fffa681e000 	C:\Windows\System32\IMM32.DLL
0x00007fffa11f0000 - 0x00007fffa11fc000 	C:\APPS\JDK\15\bin\vcruntime140_1.dll
0x00007fff8ed80000 - 0x00007fff8ee11000 	C:\APPS\JDK\15\bin\msvcp140.dll
0x00007fff7cff0000 - 0x00007fff7db4e000 	C:\APPS\JDK\15\bin\server\jvm.dll
0x00007fffa61d0000 - 0x00007fffa6273000 	C:\Windows\System32\ADVAPI32.dll
0x00007fffa5010000 - 0x00007fffa50a7000 	C:\Windows\System32\sechost.dll
0x00007fffa4e50000 - 0x00007fffa4e58000 	C:\Windows\System32\PSAPI.DLL
0x00007fff916f0000 - 0x00007fff916f9000 	C:\Windows\SYSTEM32\WSOCK32.dll
0x00007fff9a3d0000 - 0x00007fff9a3da000 	C:\Windows\SYSTEM32\VERSION.dll
0x00007fffa0d40000 - 0x00007fffa0d64000 	C:\Windows\SYSTEM32\WINMM.dll
0x00007fffa5750000 - 0x00007fffa57bf000 	C:\Windows\System32\WS2_32.dll
0x00007fffa0b30000 - 0x00007fffa0b5d000 	C:\Windows\SYSTEM32\winmmbase.dll
0x00007fffa3b30000 - 0x00007fffa3b7a000 	C:\Windows\System32\cfgmgr32.dll
0x00007fffa37b0000 - 0x00007fffa37c1000 	C:\Windows\System32\kernel.appcore.dll
0x00007fff9fa70000 - 0x00007fff9fa7a000 	C:\APPS\JDK\15\bin\jimage.dll
0x00007fffa2160000 - 0x00007fffa2354000 	C:\Windows\SYSTEM32\DBGHELP.DLL
0x00007fff93e10000 - 0x00007fff93e3a000 	C:\Windows\SYSTEM32\dbgcore.DLL
0x00007fff9ddd0000 - 0x00007fff9ddde000 	C:\APPS\JDK\15\bin\instrument.dll
0x00007fff96bf0000 - 0x00007fff96c15000 	C:\APPS\JDK\15\bin\java.dll
0x00007fffa59a0000 - 0x00007fffa6087000 	C:\Windows\System32\SHELL32.dll
0x00007fffa56a0000 - 0x00007fffa5749000 	C:\Windows\System32\shcore.dll
0x00007fffa3ed0000 - 0x00007fffa4651000 	C:\Windows\System32\windows.storage.dll
0x00007fffa37d0000 - 0x00007fffa37f3000 	C:\Windows\System32\profapi.dll
0x00007fffa3820000 - 0x00007fffa386a000 	C:\Windows\System32\powrprof.dll
0x00007fffa37a0000 - 0x00007fffa37b0000 	C:\Windows\System32\UMPDC.dll
0x00007fffa53c0000 - 0x00007fffa5412000 	C:\Windows\System32\shlwapi.dll
0x00007fffa3b10000 - 0x00007fffa3b27000 	C:\Windows\System32\cryptsp.dll
0x00007fff904f0000 - 0x00007fff90508000 	C:\APPS\JDK\15\bin\zip.dll
0x00007fff969b0000 - 0x00007fff969c9000 	C:\APPS\JDK\15\bin\net.dll
0x00007fff97d80000 - 0x00007fff97e70000 	C:\Windows\SYSTEM32\WINHTTP.dll
0x00007fffa2f90000 - 0x00007fffa2ff7000 	C:\Windows\system32\mswsock.dll
0x00007fff90560000 - 0x00007fff90572000 	C:\APPS\JDK\15\bin\nio.dll
0x00007fff9d160000 - 0x00007fff9d17a000 	C:\APPS\IdeaIC\bin\breakgen64.dll
0x00007fff9d1b0000 - 0x00007fff9d1c0000 	C:\APPS\JDK\15\bin\verify.dll
0x00007fff9c330000 - 0x00007fff9c339000 	C:\APPS\JDK\15\bin\management.dll
0x00007fff977d0000 - 0x00007fff977db000 	C:\APPS\JDK\15\bin\management_ext.dll
0x00007fff8f6d0000 - 0x00007fff8f6e6000 	C:\Windows\system32\napinsp.dll
0x00007fff8f6b0000 - 0x00007fff8f6ca000 	C:\Windows\system32\pnrpnsp.dll
0x00007fffa2ce0000 - 0x00007fffa2dab000 	C:\Windows\SYSTEM32\DNSAPI.dll
0x00007fffa5420000 - 0x00007fffa5428000 	C:\Windows\System32\NSI.dll
0x00007fffa2ca0000 - 0x00007fffa2cda000 	C:\Windows\SYSTEM32\IPHLPAPI.DLL
0x00007fff8f6a0000 - 0x00007fff8f6ae000 	C:\Windows\System32\winrnr.dll
0x00007fff9fa80000 - 0x00007fff9fa9c000 	C:\Windows\system32\NLAapi.dll
0x00007fff9ee30000 - 0x00007fff9ee45000 	C:\Windows\system32\wshbth.dll
0x00007fff9c8c0000 - 0x00007fff9c8ca000 	C:\Windows\System32\rasadhlp.dll
0x00007fffa16b0000 - 0x00007fffa1727000 	C:\Windows\System32\fwpuclnt.dll
0x00007fffa4660000 - 0x00007fffa4686000 	C:\Windows\System32\bcrypt.dll
0x00007fffa2b00000 - 0x00007fffa2b33000 	C:\Windows\system32\rsaenh.dll
0x00007fffa36c0000 - 0x00007fffa36e5000 	C:\Windows\SYSTEM32\USERENV.dll
0x00007fffa3160000 - 0x00007fffa316c000 	C:\Windows\SYSTEM32\CRYPTBASE.dll
0x00007fffa2090000 - 0x00007fffa20a6000 	C:\Windows\SYSTEM32\dhcpcsvc6.DLL
0x00007fffa2070000 - 0x00007fffa208c000 	C:\Windows\SYSTEM32\dhcpcsvc.DLL

dbghelp: loaded successfully - version: 4.0.5 - missing functions: none
symbol engine: initialized successfully - sym options: 0x614 - pdb path: .;C:\APPS\JDK\15\bin;C:\Windows\SYSTEM32;C:\Windows\WinSxS\amd64_microsoft.windows.common-controls_6595b64144ccf1df_6.0.18362.1256_none_9e7e379be45e40e2;C:\APPS\JDK\15\bin\server;C:\APPS\IdeaIC\bin

VM Arguments:
jvm_args: -javaagent:C:\APPS\IdeaIC\lib\idea_rt.jar=59959:C:\APPS\IdeaIC\bin -Dfile.encoding=UTF-8 
java_command: com.example.dbcourseworkLipovetskii.DbCourseWorkLipovetskiiApplication
java_class_path (initial): C:\Users\alekz29\IdeaProjects\vaadin-jpa\db-course-work-Lipovetskii\target\classes;C:\Users\alekz29\.m2\repository\org\springframework\boot\spring-boot-starter-data-jpa\2.4.1\spring-boot-starter-data-jpa-2.4.1.jar;C:\Users\alekz29\.m2\repository\org\springframework\boot\spring-boot-starter-aop\2.4.1\spring-boot-starter-aop-2.4.1.jar;C:\Users\alekz29\.m2\repository\org\springframework\spring-aop\5.3.2\spring-aop-5.3.2.jar;C:\Users\alekz29\.m2\repository\org\aspectj\aspectjweaver\1.9.6\aspectjweaver-1.9.6.jar;C:\Users\alekz29\.m2\repository\org\springframework\boot\spring-boot-starter-jdbc\2.4.1\spring-boot-starter-jdbc-2.4.1.jar;C:\Users\alekz29\.m2\repository\com\zaxxer\HikariCP\3.4.5\HikariCP-3.4.5.jar;C:\Users\alekz29\.m2\repository\org\springframework\spring-jdbc\5.3.2\spring-jdbc-5.3.2.jar;C:\Users\alekz29\.m2\repository\jakarta\transaction\jakarta.transaction-api\1.3.3\jakarta.transaction-api-1.3.3.jar;C:\Users\alekz29\.m2\repository\jakarta\persistence\jakarta.persistence-api\2.2.3\jakarta.persistence-api-2.2.3.jar;C:\Users\alekz29\.m2\repository\org\hibernate\hibernate-core\5.4.25.Final\hibernate-core-5.4.25.Final.jar;C:\Users\alekz29\.m2\repository\org\jboss\logging\jboss-logging\3.4.1.Final\jboss-logging-3.4.1.Final.jar;C:\Users\alekz29\.m2\repository\org\javassist\javassist\3.27.0-GA\javassist-3.27.0-GA.jar;C:\Users\alekz29\.m2\repository\net\bytebuddy\byte-buddy\1.10.18\byte-buddy-1.10.18.jar;C:\Users\alekz29\.m2\repository\antlr\antlr\2.7.7\antlr-2.7.7.jar;C:\Users\alekz29\.m2\repository\org\jboss\jandex\2.1.3.Final\jandex-2.1.3.Final.jar;C:\Users\alekz29\.m2\repository\com\fasterxml\classmate\1.5.1\classmate-1.5.1.jar;C:\Users\alekz29\.m2\repository\org\dom4j\dom4j\2.1.3\dom4j-2.1.3.jar;C:\Users\alekz29\.m2\repository\org\hibernate\common\hibernate-commons-annotations\5.1.2.Final\hibernate-commons-annotations-5.1.2.Final.jar;C:\Users\alekz29\.m2\repository\org\glassfish\jaxb\jaxb-runtime\2.3.3\jaxb-runtime-2.3.3.jar;C:\Users
Launcher Type: SUN_STANDARD

[Global flags]
     intx CICompilerCount                          = 4                                         {product} {ergonomic}
     uint ConcGCThreads                            = 2                                         {product} {ergonomic}
     uint G1ConcRefinementThreads                  = 8                                         {product} {ergonomic}
   size_t G1HeapRegionSize                         = 2097152                                   {product} {ergonomic}
    uintx GCDrainStackTargetSize                   = 64                                        {product} {ergonomic}
   size_t InitialHeapSize                          = 234881024                                 {product} {ergonomic}
   size_t MarkStackSize                            = 4194304                                   {product} {ergonomic}
   size_t MaxHeapSize                              = 3745513472                                {product} {ergonomic}
   size_t MaxNewSize                               = 2246049792                                {product} {ergonomic}
   size_t MinHeapDeltaBytes                        = 2097152                                   {product} {ergonomic}
   size_t MinHeapSize                              = 8388608                                   {product} {ergonomic}
    uintx NonNMethodCodeHeapSize                   = 5839372                                {pd product} {ergonomic}
    uintx NonProfiledCodeHeapSize                  = 122909434                              {pd product} {ergonomic}
    uintx ProfiledCodeHeapSize                     = 122909434                              {pd product} {ergonomic}
    uintx ReservedCodeCacheSize                    = 251658240                              {pd product} {ergonomic}
     bool SegmentedCodeCache                       = true                                      {product} {ergonomic}
   size_t SoftMaxHeapSize                          = 3745513472                             {manageable} {ergonomic}
     bool UseCompressedClassPointers               = true                                 {lp64_product} {ergonomic}
     bool UseCompressedOops                        = true                                 {lp64_product} {ergonomic}
     bool UseG1GC                                  = true                                      {product} {ergonomic}
     bool UseLargePagesIndividualAllocation        = false                                  {pd product} {ergonomic}

Logging:
Log output configuration:
 #0: stdout all=warning uptime,level,tags
 #1: stderr all=off uptime,level,tags

Environment Variables:
JAVA_HOME=C:\APPS\JDK\14-zulu
PATH=C:\Program Files (x86)\Common Files\Oracle\Java\javapath;C:\Windows\system32;C:\Windows;C:\Windows\System32\Wbem;C:\Windows\System32\WindowsPowerShell\v1.0\;C:\Windows\System32\OpenSSH\;C:\Program Files\Git\cmd;C:\APPS\Putty\;C:\Program Files\TortoiseGit\bin;C:\Program Files\nodejs\;C:\Users\alekz29\bin;C:\Program Files\Git\mingw64\bin;C:\Program Files\Git\usr\local\bin;C:\Program Files\Git\usr\bin;C:\Program Files\Git\usr\bin;C:\Program Files\Git\mingw64\bin;C:\Program Files\Git\usr\bin;C:\Users\alekz29\bin;C:\Program Files (x86)\Common Files\Oracle\Java\javapath;C:\Windows\system32;C:\Windows;C:\Windows\System32\Wbem;C:\Windows\System32\WindowsPowerShell\v1.0;C:\Windows\System32\OpenSSH;C:\Program Files\Git\cmd;C:\APPS\Putty;C:\Program Files\TortoiseGit\bin;C:\Program Files (x86)\Common Files\Oracle\Java\javapath;C:\Windows\system32;C:\Windows;C:\Windows\System32\Wbem;C:\Windows\System32\WindowsPowerShell\v1.0;C:\Windows\System32\OpenSSH;C:\Program Files\Git\cmd;C:\APPS\Putty;C:\Program Files\TortoiseGit\bin;C:\Program Files (x86)\Xanya\Bin;C:\Program Files\Git\usr\bin\vendor_perl;C:\Program Files\Git\usr\bin\core_perl;C:\APPS\apache-maven\bin;C:\Gradle\gradle-6.5.1\bin;C:\Users\alekz29\AppData\Roaming\npm
USERNAME=alekz29
OS=Windows_NT
PROCESSOR_IDENTIFIER=AMD64 Family 23 Model 24 Stepping 1, AuthenticAMD



---------------  S Y S T E M  ---------------

OS:
 Windows 10 , 64 bit Build 18362 (10.0.18362.1110)
OS uptime: 4 days 2:21 hours

CPU: total 8 (initial active 8) (8 cores per cpu, 2 threads per core) family 23 model 24 stepping 1 microcode 0x0, cmov, cx8, fxsr, mmx, sse, sse2, sse3, ssse3, sse4.1, sse4.2, popcnt, vzeroupper, avx, avx2, aes, clmul, 3dnowpref, lzcnt, sse4a, ht, tsc, tscinvbit, tscinv, bmi1, bmi2, adx, sha, fma, clflush, clflushopt

Memory: 4k page, system-wide physical 14282M (3540M free)
TotalPageFile size 14282M (AvailPageFile size 5M)
current process WorkingSet (physical memory assigned to process): 352M, peak: 390M
current process commit charge ("private bytes"): 400M, peak: 448M

vm_info: OpenJDK 64-Bit Server VM (15.0.1+9-18) for windows-amd64 JRE (15.0.1+9-18), built on Sep 15 2020 14:39:31 by "mach5one" with unknown MS VC++:1925

END.
